Using pre-set license

 COMMAND LINE ARGUMENTS:
/Applications/Unity/Hub/Editor/2020.3.0f1/Unity.app/Contents/MacOS/Unity
-adb2
-batchMode
-noUpm
-name
AssetImportWorker0
-projectPath
/Users/sangbinjeon/GitHub_K/Voucher/KINL_DTXBodyTracking/DTXBodytacking_Labeler/DTXLabeler
-logFile
Logs/AssetImportWorker0.log
-srvPort
57420
Successfully changed project path to: /Users/sangbinjeon/GitHub_K/Voucher/KINL_DTXBodyTracking/DTXBodytacking_Labeler/DTXLabeler
/Users/sangbinjeon/GitHub_K/Voucher/KINL_DTXBodyTracking/DTXBodytacking_Labeler/DTXLabeler
Using Asset Import Pipeline V2.
Refreshing native plugins compatible for Editor in 102.48 ms, found 1 plugins.
Preloading 0 native plugins for Editor in 0.00 ms.
Initialize engine version: 2020.3.0f1 (c7b5465681fb)
[Subsystems] Discovering subsystems at path /Applications/Unity/Hub/Editor/2020.3.0f1/Unity.app/Contents/Resources/UnitySubsystems
[Subsystems] Discovering subsystems at path /Users/sangbinjeon/GitHub_K/Voucher/KINL_DTXBodyTracking/DTXBodytacking_Labeler/DTXLabeler/Assets
GfxDevice: creating device client; threaded=0
2022-11-23 17:17:26.263 Unity[47623:1551143] Color LCD preferred device: Intel(R) Iris(TM) Plus Graphics (low power)
2022-11-23 17:17:26.263 Unity[47623:1551143] Metal devices available: 1
2022-11-23 17:17:26.263 Unity[47623:1551143] 0: Intel(R) Iris(TM) Plus Graphics (low power)
2022-11-23 17:17:26.263 Unity[47623:1551143] Using device Intel(R) Iris(TM) Plus Graphics (low power)
Initializing Metal device caps: Intel(R) Iris(TM) Plus Graphics
Initialize mono
Mono path[0] = '/Applications/Unity/Hub/Editor/2020.3.0f1/Unity.app/Contents/Managed'
Mono path[1] = '/Applications/Unity/Hub/Editor/2020.3.0f1/Unity.app/Contents/MonoBleedingEdge/lib/mono/unityjit'
Mono config path = '/Applications/Unity/Hub/Editor/2020.3.0f1/Unity.app/Contents/MonoBleedingEdge/etc'
Using monoOptions --debugger-agent=transport=dt_socket,embedding=1,server=y,suspend=n,address=127.0.0.1:56623
Begin MonoManager ReloadAssembly
Registering precompiled unity dll's ...
Register platform support module: /Applications/Unity/Hub/Editor/2020.3.0f1/Unity.app/Contents/PlaybackEngines/MacStandaloneSupport/UnityEditor.OSXStandalone.Extensions.dll
Registered in 0.003152 seconds.
Native extension for OSXStandalone target not found
Refreshing native plugins compatible for Editor in 63.33 ms, found 1 plugins.
Preloading 0 native plugins for Editor in 0.00 ms.
Invoked RoslynAnalysisRunner static constructor.
RoslynAnalysisRunner will not be running.
RoslynAnalysisRunner has terminated.
Mono: successfully reloaded assembly
- Completed reload, in  6.919 seconds
Platform modules already initialized, skipping
Registering precompiled user dll's ...
Registered in 0.001347 seconds.
Begin MonoManager ReloadAssembly
Native extension for OSXStandalone target not found
Refreshing native plugins compatible for Editor in 0.39 ms, found 1 plugins.
Preloading 0 native plugins for Editor in 0.00 ms.
Invoked RoslynAnalysisRunner static constructor.
RoslynAnalysisRunner will not be running.
RoslynAnalysisRunner has terminated.
Mono: successfully reloaded assembly
- Completed reload, in  2.208 seconds
Platform modules already initialized, skipping
========================================================================
Worker process is ready to serve import requests
Launching external process: /Applications/Unity/Hub/Editor/2020.3.0f1/Unity.app/Contents/Tools/UnityShaderCompiler
Launched and connected shader compiler UnityShaderCompiler after 0.02 seconds
Refreshing native plugins compatible for Editor in 0.36 ms, found 1 plugins.
Preloading 0 native plugins for Editor in 0.00 ms.
Unloading 1171 Unused Serialized files (Serialized files now loaded: 0)
System memory in use before: 122.6 MB.
System memory in use after: 122.6 MB.

Unloading 16 unused Assets to reduce memory usage. Loaded Objects now: 1607.
Total: 6.174548 ms (FindLiveObjects: 0.339947 ms CreateObjectMapping: 1.747427 ms MarkObjects: 3.943593 ms  DeleteObjects: 0.141071 ms)

========================================================================
Received Import Request.
  path: Assets/TextMesh Pro/Examples & Extras/Fonts
  artifactKey: Guid(b63e0053080646b9819789bf3bf9fa17) Importer(815301076,1909f56bfc062723c751e8b465ee728b)
Start importing Assets/TextMesh Pro/Examples & Extras/Fonts using Guid(b63e0053080646b9819789bf3bf9fa17) Importer(815301076,1909f56bfc062723c751e8b465ee728b)  -> (artifact id: '10edcde9161c43fbcae07787339be46b') in 0.005259 seconds
  Import took 0.009021 seconds .

